<?xml version="1.0" encoding="UTF-8"?>
<!-- Generated by org.testng.reporters.JUnitReportReporter -->
<testsuite hostname="Lenovo-PC" failures="0" tests="26" name="runner.TestRunner" time="11.890" errors="0" timestamp="2024-04-13T12:10:58 IST" skipped="0">
  <testcase classname="runner.TestRunner" name="runScenario" time="0.416"/>
  <system-out/>
  <testcase classname="runner.TestRunner" name="runScenario" time="0.612"/>
  <system-out/>
  <testcase classname="runner.TestRunner" name="runScenario" time="0.036"/>
  <system-out/>
  <testcase classname="runner.TestRunner" name="runScenario" time="0.542"/>
  <system-out/>
  <testcase classname="runner.TestRunner" name="runScenario" time="0.291"/>
  <system-out/>
  <testcase classname="runner.TestRunner" name="runScenario" time="0.976"/>
  <system-out/>
  <testcase classname="runner.TestRunner" name="runScenario" time="0.560"/>
  <system-out/>
  <testcase classname="runner.TestRunner" name="runScenario" time="0.352"/>
  <system-out/>
  <testcase classname="runner.TestRunner" name="runScenario" time="1.018"/>
  <system-out/>
  <testcase classname="runner.TestRunner" name="runScenario" time="0.606"/>
  <system-out/>
  <testcase classname="runner.TestRunner" name="runScenario" time="0.565"/>
  <system-out/>
  <testcase classname="runner.TestRunner" name="runScenario" time="0.027"/>
  <system-out/>
  <testcase classname="runner.TestRunner" name="runScenario" time="0.389"/>
  <system-out/>
  <testcase classname="runner.TestRunner" name="runScenario" time="0.233"/>
  <system-out/>
  <testcase classname="runner.TestRunner" name="runScenario" time="0.986"/>
  <system-out/>
  <testcase classname="runner.TestRunner" name="runScenario" time="0.318"/>
  <system-out/>
  <testcase classname="runner.TestRunner" name="runScenario" time="0.267"/>
  <system-out/>
  <testcase classname="runner.TestRunner" name="runScenario" time="0.421"/>
  <system-out/>
  <testcase classname="runner.TestRunner" name="runScenario" time="0.384"/>
  <system-out/>
  <testcase classname="runner.TestRunner" name="runScenario" time="0.267"/>
  <system-out/>
  <testcase classname="runner.TestRunner" name="runScenario" time="0.268"/>
  <system-out/>
  <testcase classname="runner.TestRunner" name="runScenario" time="0.295"/>
  <system-out/>
  <testcase classname="runner.TestRunner" name="runScenario" time="0.542"/>
  <system-out/>
  <testcase classname="runner.TestRunner" name="runScenario" time="0.658"/>
  <system-out/>
  <testcase classname="runner.TestRunner" name="runScenario" time="0.720"/>
  <system-out/>
  <testcase classname="runner.TestRunner" name="runScenario" time="0.141"/>
  <system-out/>
</testsuite> <!-- runner.TestRunner -->
